{"level":"\u001b[32minfo\u001b[39m","message":"{\"method\":\"POST\",\"url\":\"/api/v1/auth/signin\",\"status\":\"200\",\"responseTime\":\"13.995\"}","timestamp":"2025-05-21T08:57:26.087Z"}
{"level":"\u001b[32minfo\u001b[39m","message":"{\"method\":\"\",\"url\":\"/api/v1/auth/signin\",\"status\":\"200\",\"responseTime\":\"17.895\"}","timestamp":"2025-05-21T08:58:28.361Z"}
{"level":"\u001b[32minfo\u001b[39m","message":"{\"method\":\"POST\",\"url\":\"/api/v1/auth/signin\",\"status\":\"503\",\"responseTime\":\"3482.763\"}","timestamp":"2025-05-21T10:31:18.559Z"}
{"level":"\u001b[32minfo\u001b[39m","message":"{\"method\":\"POST\",\"url\":\"/api/v1/auth/signin\",\"status\":\"503\",\"responseTime\":\"1593.498\"}","timestamp":"2025-05-21T10:33:39.970Z"}
{"level":"\u001b[32minfo\u001b[39m","message":"{\"method\":\"POST\",\"url\":\"/api/v1/auth/signin\",\"status\":\"200\",\"responseTime\":\"2817.763\"}","timestamp":"2025-05-21T10:36:47.677Z"}
{"level":"\u001b[32minfo\u001b[39m","message":"{\"method\":\"POST\",\"url\":\"/api/v1/auth/signin\",\"status\":\"204\",\"responseTime\":\"1856.159\"}","timestamp":"2025-05-21T10:37:19.102Z"}
{"level":"\u001b[32minfo\u001b[39m","message":"{\"method\":\"POST\",\"url\":\"/api/v1/auth/signin\",\"status\":\"204\",\"responseTime\":\"2295.138\"}","timestamp":"2025-05-21T10:37:32.002Z"}
{"level":"\u001b[32minfo\u001b[39m","message":"{\"method\":\"POST\",\"url\":\"/api/v1/auth/signup\",\"status\":\"203\",\"responseTime\":\"2308.276\"}","timestamp":"2025-05-21T14:46:56.621Z"}
{"level":"\u001b[32minfo\u001b[39m","message":"{\"method\":\"POST\",\"url\":\"/api/v1/auth/signin\",\"status\":\"204\",\"responseTime\":\"1785.576\"}","timestamp":"2025-05-21T14:47:43.233Z"}
{"level":"\u001b[32minfo\u001b[39m","message":"{\"method\":\"POST\",\"url\":\"/api/v1/auth/signup\",\"status\":\"200\",\"responseTime\":\"1655.790\"}","timestamp":"2025-05-21T14:48:26.019Z"}
{"level":"\u001b[32minfo\u001b[39m","message":"{\"method\":\"POST\",\"url\":\"/api/v1/auth/signup\",\"status\":\"200\",\"responseTime\":\"1449.092\"}","timestamp":"2025-05-21T14:49:11.196Z"}
{"level":"\u001b[32minfo\u001b[39m","message":{"count":0,"createdAt":"2025-05-21T10:36:47.234Z","email":"gyaneswar@gmail.com","fullName":"gyana","id":"e5891814-c66b-4c1e-aa94-179e10e12148","isAdmin":false,"isVerified":false,"password":"$2b$12$eak7tBvxkhCO7mQMx1rmQuK4plgPKDstjBEpiL13lITZYmIJElzwi","updatedAt":"2025-05-21T10:36:47.234Z","userID":"kljlkj"},"timestamp":"2025-05-21T14:49:26.278Z"}
{"level":"\u001b[32minfo\u001b[39m","message":"{\"method\":\"POST\",\"url\":\"/api/v1/auth/signup\",\"status\":\"200\",\"responseTime\":\"1557.785\"}","timestamp":"2025-05-21T14:49:26.569Z"}
{"level":"\u001b[32minfo\u001b[39m","message":"{\"method\":\"POST\",\"url\":\"/api/v1/auth/signup\",\"status\":\"200\",\"responseTime\":\"1560.132\"}","timestamp":"2025-05-21T14:51:03.384Z"}
{"level":"\u001b[32minfo\u001b[39m","message":{"count":0,"createdAt":"2025-05-21T10:36:47.234Z","email":"gyaneswar@gmail.com","fullName":"gyana","id":"e5891814-c66b-4c1e-aa94-179e10e12148","isAdmin":false,"isVerified":false,"password":"$2b$12$eak7tBvxkhCO7mQMx1rmQuK4plgPKDstjBEpiL13lITZYmIJElzwi","updatedAt":"2025-05-21T10:36:47.234Z","userID":"kljlkj"},"timestamp":"2025-05-21T14:51:25.710Z"}
{"level":"\u001b[32minfo\u001b[39m","message":"{\"method\":\"POST\",\"url\":\"/api/v1/auth/signup\",\"status\":\"200\",\"responseTime\":\"1611.880\"}","timestamp":"2025-05-21T14:51:26.002Z"}
{"level":"\u001b[32minfo\u001b[39m","message":"gyaneswar@gmail.com","timestamp":"2025-05-21T14:51:43.458Z"}
{"level":"\u001b[32minfo\u001b[39m","message":"{\"method\":\"POST\",\"url\":\"/api/v1/auth/signup\",\"status\":\"200\",\"responseTime\":\"1517.388\"}","timestamp":"2025-05-21T14:51:43.743Z"}
{"level":"\u001b[32minfo\u001b[39m","timestamp":"2025-05-21T14:51:54.043Z"}
{"level":"\u001b[32minfo\u001b[39m","message":"{\"method\":\"POST\",\"url\":\"/api/v1/auth/signup\",\"status\":\"203\",\"responseTime\":\"1314.714\"}","timestamp":"2025-05-21T14:51:54.046Z"}
{"level":"\u001b[32minfo\u001b[39m","message":"gyaneswar@gmail.com","timestamp":"2025-05-21T14:52:16.782Z"}
{"level":"\u001b[32minfo\u001b[39m","message":"{\"method\":\"POST\",\"url\":\"/api/v1/auth/signup\",\"status\":\"200\",\"responseTime\":\"2668.200\"}","timestamp":"2025-05-21T14:52:17.071Z"}
{"level":"\u001b[32minfo\u001b[39m","message":"{\"method\":\"POST\",\"url\":\"/api/v1/questions/add\",\"status\":\"200\",\"responseTime\":\"4.519\"}","timestamp":"2025-05-21T15:13:39.629Z"}
{"level":"\u001b[32minfo\u001b[39m","timestamp":"2025-05-21T15:45:17.773Z"}
{"level":"\u001b[32minfo\u001b[39m","message":"eyJhbGciOiJIUzI1NiIsInR5cCI6IkpXVCJ9.eyJlbWFpbCI6Imd5YW5lc3dhckBnbWFpbC5jb20iLCJ1c2VySUQiOiJrbGpsa2oiLCJpYXQiOjE3NDc4MzkxMzd9.rEs0hSs55CSdMfrQsE-M50lsx1wDZ8dStUcxaUo_aBk","timestamp":"2025-05-21T15:45:17.777Z"}
{"level":"\u001b[32minfo\u001b[39m","message":"{\"method\":\"POST\",\"url\":\"/api/v1/questions/add\",\"status\":\"-\",\"responseTime\":\"-\"}","timestamp":"2025-05-21T15:45:24.348Z"}
{"level":"\u001b[32minfo\u001b[39m","message":"{\"method\":\"POST\",\"url\":\"/api/v1/questions/add\",\"status\":\"-\",\"responseTime\":\"-\"}","timestamp":"2025-05-21T16:05:50.979Z"}
{"level":"\u001b[32minfo\u001b[39m","message":"{\"method\":\"POST\",\"url\":\"/api/v1/auth/signin\",\"status\":\"204\",\"responseTime\":\"2948.490\"}","timestamp":"2025-05-21T16:06:27.512Z"}
{"level":"\u001b[32minfo\u001b[39m","message":"{\"method\":\"POST\",\"url\":\"/api/v1/auth/signin\",\"status\":\"200\",\"responseTime\":\"3716.897\"}","timestamp":"2025-05-21T16:06:47.578Z"}
{"level":"\u001b[32minfo\u001b[39m","message":"g@g.com","timestamp":"2025-05-21T16:07:08.082Z"}
{"level":"\u001b[32minfo\u001b[39m","message":"{\"method\":\"POST\",\"url\":\"/api/v1/auth/signup\",\"status\":\"200\",\"responseTime\":\"2478.264\"}","timestamp":"2025-05-21T16:07:08.374Z"}
{"level":"\u001b[32minfo\u001b[39m","message":"{\"method\":\"POST\",\"url\":\"/api/v1/questions/add\",\"status\":\"200\",\"responseTime\":\"2089.902\"}","timestamp":"2025-05-21T16:07:16.767Z"}
{"level":"\u001b[32minfo\u001b[39m","message":"{\"method\":\"POST\",\"url\":\"/api/v1/questions/add\",\"status\":\"-\",\"responseTime\":\"-\"}","timestamp":"2025-05-21T16:07:49.375Z"}
{"level":"\u001b[32minfo\u001b[39m","message":"{\"method\":\"POST\",\"url\":\"/api/v1/questions/add\",\"status\":\"-\",\"responseTime\":\"-\"}","timestamp":"2025-05-21T16:08:29.807Z"}
{"level":"\u001b[32minfo\u001b[39m","message":"{\"method\":\"POST\",\"url\":\"/api/v1/questions/add\",\"status\":\"200\",\"responseTime\":\"1878.320\"}","timestamp":"2025-05-21T16:08:45.854Z"}
{"level":"\u001b[32minfo\u001b[39m","message":"{\"method\":\"POST\",\"url\":\"/api/v1/questions/add\",\"status\":\"200\",\"responseTime\":\"1802.710\"}","timestamp":"2025-05-21T16:11:04.814Z"}
{"level":"\u001b[32minfo\u001b[39m","message":"{\"method\":\"POST\",\"url\":\"/api/v1/questions/add\",\"status\":\"501\",\"responseTime\":\"1.389\"}","timestamp":"2025-05-21T16:11:24.852Z"}
{"level":"\u001b[32minfo\u001b[39m","message":"{\"method\":\"POST\",\"url\":\"/api/v1/questions/add\",\"status\":\"501\",\"responseTime\":\"0.713\"}","timestamp":"2025-05-21T16:11:46.847Z"}
{"level":"\u001b[32minfo\u001b[39m","message":"{\"method\":\"POST\",\"url\":\"/api/v1/questions/add\",\"status\":\"501\",\"responseTime\":\"0.771\"}","timestamp":"2025-05-21T16:11:48.896Z"}
{"level":"\u001b[32minfo\u001b[39m","message":"{\"method\":\"POST\",\"url\":\"/api/v1/questions/add\",\"status\":\"501\",\"responseTime\":\"4.253\"}","timestamp":"2025-05-21T16:12:32.265Z"}
{"level":"\u001b[32minfo\u001b[39m","message":"{\"method\":\"POST\",\"url\":\"/api/v1/questions/add\",\"status\":\"501\",\"responseTime\":\"1.022\"}","timestamp":"2025-05-21T16:12:35.596Z"}
{"level":"\u001b[32minfo\u001b[39m","message":"{\"method\":\"POST\",\"url\":\"/api/v1/questions/add\",\"status\":\"401\",\"responseTime\":\"7.703\"}","timestamp":"2025-05-21T17:07:38.373Z"}
{"level":"\u001b[32minfo\u001b[39m","message":"g@g.com","timestamp":"2025-05-21T17:07:50.370Z"}
{"level":"\u001b[32minfo\u001b[39m","message":"{\"method\":\"POST\",\"url\":\"/api/v1/auth/signup\",\"status\":\"200\",\"responseTime\":\"2056.509\"}","timestamp":"2025-05-21T17:07:50.668Z"}
{"level":"\u001b[32minfo\u001b[39m","message":"{\"method\":\"POST\",\"url\":\"/api/v1/questions/add\",\"status\":\"200\",\"responseTime\":\"1719.117\"}","timestamp":"2025-05-21T17:07:58.417Z"}
{"level":"\u001b[32minfo\u001b[39m","message":"{\"method\":\"POST\",\"url\":\"/api/v1/questions/add\",\"status\":\"200\",\"responseTime\":\"1053.651\"}","timestamp":"2025-05-21T17:08:36.545Z"}
{"level":"\u001b[32minfo\u001b[39m","message":"{\"method\":\"POST\",\"url\":\"/api/v1/questions/add\",\"status\":\"200\",\"responseTime\":\"1047.002\"}","timestamp":"2025-05-21T17:08:42.336Z"}
{"level":"\u001b[32minfo\u001b[39m","message":"{\"method\":\"POST\",\"url\":\"/api/v1/questions/add\",\"status\":\"200\",\"responseTime\":\"1102.117\"}","timestamp":"2025-05-21T17:12:24.567Z"}
